# JRE version: Java(TM) SE Runtime Environment 18.9 (11.0.12+8) (build 11.0.12+8-LTS-237)
# Java VM: Java HotSpot(TM) 64-Bit Server VM 18.9 (11.0.12+8-LTS-237, mixed mode, tiered, compressed oops, g1 gc, windows-amd64)
Heap:
 garbage-first heap   total 196608K, used 70068K [0x0000000761e00000, 0x0000000800000000)
  region size 1024K, 51 young (52224K), 6 survivors (6144K)
 Metaspace       used 39453K, capacity 40521K, committed 40752K, reserved 1085440K
  class space    used 4705K, capacity 5125K, committed 5248K, reserved 1048576K
GC Heap History (10 events):
Event: 0.489 GC heap before
{Heap before GC invocations=0 (full 0):
 garbage-first heap   total 163840K, used 23552K [0x0000000761e00000, 0x0000000800000000)
  region size 1024K, 24 young (24576K), 0 survivors (0K)
 Metaspace       used 9299K, capacity 9481K, committed 9728K, reserved 1058816K
  class space    used 835K, capacity 910K, committed 1024K, reserved 1048576K
}
Event: 0.494 GC heap after
{Heap after GC invocations=1 (full 0):
 garbage-first heap   total 163840K, used 7726K [0x0000000761e00000, 0x0000000800000000)
  region size 1024K, 3 young (3072K), 3 survivors (3072K)
 Metaspace       used 9299K, capacity 9481K, committed 9728K, reserved 1058816K
  class space    used 835K, capacity 910K, committed 1024K, reserved 1048576K
}
Event: 2.064 GC heap before
{Heap before GC invocations=1 (full 0):
 garbage-first heap   total 163840K, used 73262K [0x0000000761e00000, 0x0000000800000000)
  region size 1024K, 68 young (69632K), 3 survivors (3072K)
 Metaspace       used 20732K, capacity 21210K, committed 21296K, reserved 1069056K
  class space    used 2222K, capacity 2402K, committed 2432K, reserved 1048576K
}
Event: 2.072 GC heap after
{Heap after GC invocations=2 (full 0):
 garbage-first heap   total 163840K, used 13825K [0x0000000761e00000, 0x0000000800000000)
  region size 1024K, 9 young (9216K), 9 survivors (9216K)
 Metaspace       used 20732K, capacity 21210K, committed 21296K, reserved 1069056K
  class space    used 2222K, capacity 2402K, committed 2432K, reserved 1048576K
}
Event: 2.314 GC heap before
{Heap before GC invocations=3 (full 0):
 garbage-first heap   total 163840K, used 31233K [0x0000000761e00000, 0x0000000800000000)
  region size 1024K, 26 young (26624K), 9 survivors (9216K)
 Metaspace       used 22478K, capacity 22996K, committed 23216K, reserved 1069056K
  class space    used 2487K, capacity 2702K, committed 2816K, reserved 1048576K
}
Event: 2.326 GC heap after
{Heap after GC invocations=4 (full 0):
 garbage-first heap   total 163840K, used 14248K [0x0000000761e00000, 0x0000000800000000)
  region size 1024K, 1 young (1024K), 1 survivors (1024K)
 Metaspace       used 22478K, capacity 22996K, committed 23216K, reserved 1069056K
  class space    used 2487K, capacity 2702K, committed 2816K, reserved 1048576K
}
Event: 3.436 GC heap before
{Heap before GC invocations=4 (full 0):
 garbage-first heap   total 163840K, used 78760K [0x0000000761e00000, 0x0000000800000000)
  region size 1024K, 64 young (65536K), 1 survivors (1024K)
 Metaspace       used 30561K, capacity 31400K, committed 31664K, reserved 1077248K
  class space    used 3475K, capacity 3799K, committed 3840K, reserved 1048576K
}
Event: 3.444 GC heap after
{Heap after GC invocations=5 (full 0):
 garbage-first heap   total 163840K, used 18372K [0x0000000761e00000, 0x0000000800000000)
  region size 1024K, 5 young (5120K), 5 survivors (5120K)
 Metaspace       used 30561K, capacity 31400K, committed 31664K, reserved 1077248K
  class space    used 3475K, capacity 3799K, committed 3840K, reserved 1048576K
}
Event: 3.865 GC heap before
{Heap before GC invocations=5 (full 0):
 garbage-first heap   total 163840K, used 52164K [0x0000000761e00000, 0x0000000800000000)
  region size 1024K, 39 young (39936K), 5 survivors (5120K)
 Metaspace       used 34925K, capacity 35764K, committed 35888K, reserved 1081344K
  class space    used 4062K, capacity 4408K, committed 4480K, reserved 1048576K
}
Event: 3.873 GC heap after
{Heap after GC invocations=6 (full 0):
 garbage-first heap   total 196608K, used 19892K [0x0000000761e00000, 0x0000000800000000)
  region size 1024K, 6 young (6144K), 6 survivors (6144K)
 Metaspace       used 34925K, capacity 35764K, committed 35888K, reserved 1081344K
  class space    used 4062K, capacity 4408K, committed 4480K, reserved 1048576K
}

