# JRE version: Java(TM) SE Runtime Environment 18.9 (11.0.12+8) (build 11.0.12+8-LTS-237)
# Java VM: Java HotSpot(TM) 64-Bit Server VM 18.9 (11.0.12+8-LTS-237, mixed mode, tiered, compressed oops, g1 gc, windows-amd64)
Heap:
 garbage-first heap   total 196608K, used 26497K [0x0000000761e00000, 0x0000000800000000)
  region size 1024K, 7 young (7168K), 7 survivors (7168K)
 Metaspace       used 39178K, capacity 40250K, committed 40368K, reserved 1085440K
  class space    used 4685K, capacity 5120K, committed 5120K, reserved 1048576K
GC Heap History (10 events):
Event: 2.195 GC heap before
{Heap before GC invocations=1 (full 0):
 garbage-first heap   total 163840K, used 74795K [0x0000000761e00000, 0x0000000800000000)
  region size 1024K, 69 young (70656K), 3 survivors (3072K)
 Metaspace       used 20736K, capacity 21177K, committed 21296K, reserved 1069056K
  class space    used 2220K, capacity 2370K, committed 2432K, reserved 1048576K
}
Event: 2.205 GC heap after
{Heap after GC invocations=2 (full 0):
 garbage-first heap   total 163840K, used 13679K [0x0000000761e00000, 0x0000000800000000)
  region size 1024K, 9 young (9216K), 9 survivors (9216K)
 Metaspace       used 20736K, capacity 21177K, committed 21296K, reserved 1069056K
  class space    used 2220K, capacity 2370K, committed 2432K, reserved 1048576K
}
Event: 2.687 GC heap before
{Heap before GC invocations=3 (full 0):
 garbage-first heap   total 163840K, used 40303K [0x0000000761e00000, 0x0000000800000000)
  region size 1024K, 35 young (35840K), 9 survivors (9216K)
 Metaspace       used 24202K, capacity 24747K, committed 24880K, reserved 1071104K
  class space    used 2731K, capacity 2923K, committed 2944K, reserved 1048576K
}
Event: 2.697 GC heap after
{Heap after GC invocations=4 (full 0):
 garbage-first heap   total 163840K, used 14475K [0x0000000761e00000, 0x0000000800000000)
  region size 1024K, 1 young (1024K), 1 survivors (1024K)
 Metaspace       used 24202K, capacity 24747K, committed 24880K, reserved 1071104K
  class space    used 2731K, capacity 2923K, committed 2944K, reserved 1048576K
}
Event: 3.848 GC heap before
{Heap before GC invocations=4 (full 0):
 garbage-first heap   total 163840K, used 89227K [0x0000000761e00000, 0x0000000800000000)
  region size 1024K, 74 young (75776K), 1 survivors (1024K)
 Metaspace       used 33095K, capacity 33908K, committed 34096K, reserved 1079296K
  class space    used 3816K, capacity 4124K, committed 4224K, reserved 1048576K
}
Event: 3.856 GC heap after
{Heap after GC invocations=5 (full 0):
 garbage-first heap   total 163840K, used 19125K [0x0000000761e00000, 0x0000000800000000)
  region size 1024K, 6 young (6144K), 6 survivors (6144K)
 Metaspace       used 33095K, capacity 33908K, committed 34096K, reserved 1079296K
  class space    used 3816K, capacity 4124K, committed 4224K, reserved 1048576K
}
Event: 4.045 GC heap before
{Heap before GC invocations=5 (full 0):
 garbage-first heap   total 163840K, used 34485K [0x0000000761e00000, 0x0000000800000000)
  region size 1024K, 22 young (22528K), 6 survivors (6144K)
 Metaspace       used 34947K, capacity 35763K, committed 35888K, reserved 1081344K
  class space    used 4067K, capacity 4408K, committed 4480K, reserved 1048576K
}
Event: 4.054 GC heap after
{Heap after GC invocations=6 (full 0):
 garbage-first heap   total 196608K, used 20163K [0x0000000761e00000, 0x0000000800000000)
  region size 1024K, 7 young (7168K), 7 survivors (7168K)
 Metaspace       used 34947K, capacity 35763K, committed 35888K, reserved 1081344K
  class space    used 4067K, capacity 4408K, committed 4480K, reserved 1048576K
}
Event: 6.828 GC heap before
{Heap before GC invocations=7 (full 0):
 garbage-first heap   total 196608K, used 64195K [0x0000000761e00000, 0x0000000800000000)
  region size 1024K, 46 young (47104K), 7 survivors (7168K)
 Metaspace       used 39178K, capacity 40250K, committed 40368K, reserved 1085440K
  class space    used 4685K, capacity 5120K, committed 5120K, reserved 1048576K
}
Event: 6.838 GC heap after
{Heap after GC invocations=8 (full 0):
 garbage-first heap   total 196608K, used 26497K [0x0000000761e00000, 0x0000000800000000)
  region size 1024K, 7 young (7168K), 7 survivors (7168K)
 Metaspace       used 39178K, capacity 40250K, committed 40368K, reserved 1085440K
  class space    used 4685K, capacity 5120K, committed 5120K, reserved 1048576K
}

